-------------------------------------------------------------------------------
Test set: calculator.CalculatorTest
-------------------------------------------------------------------------------
Tests run: 13, Failures: 0, Errors: 2, Skipped: 0, Time elapsed: 0.074 s <<< FAILURE! - in calculator.CalculatorTest
testNegativeInfinityResult(calculator.CalculatorTest)  Time elapsed: 0.006 s  <<< ERROR!
java.lang.ArithmeticException: Cannot divide by zero.
	at calculator.CalculatorTest.testNegativeInfinityResult(CalculatorTest.java:87)

testInfinityResult(calculator.CalculatorTest)  Time elapsed: 0.001 s  <<< ERROR!
java.lang.ArithmeticException: Cannot divide by zero.
	at calculator.CalculatorTest.testInfinityResult(CalculatorTest.java:79)

