<?xml version="1.0" encoding="UTF-8"?>
<testsuite xmlns:xsi="http://www.w3.org/2001/XMLSchema-instance" xsi:noNamespaceSchemaLocation="https://maven.apache.org/surefire/maven-surefire-plugin/xsd/surefire-test-report.xsd" name="utils.FloatTest" time="0.092" tests="5" errors="0" skipped="0" failures="0">
  <properties>
[...]
</properties>
  <testcase name="singleFloat" classname="utils.FloatTest" time="0.008"/>
  <testcase name="positiveFloat" classname="utils.FloatTest" time="0"/>
  <testcase name="negativeFloat" classname="utils.FloatTest" time="0"/>
  <testcase name="duplicateFloat" classname="utils.FloatTest" time="0"/>
  <testcase name="mixedFloat" classname="utils.FloatTest" time="0"/>
</testsuite>